INFO:root:pymata_aio Version 2.19 Copyright (c) 2015-2017 Alan Yorinks All rights reserved.
INFO:root:Initializing Arduino - Please wait...
DEBUG:root:Outgoing: 
DEBUG:root:0xf0
DEBUG:root:0x79
DEBUG:root:0xf7
DEBUG:root:Outgoing: 
DEBUG:root:0xf0
DEBUG:root:0x79
DEBUG:root:0xf7
DEBUG:root:Incoming:
DEBUG:root:[121, 2, 10, 67, 0, 111, 0, 110, 0, 102, 0, 105, 0, 103, 0, 117, 0, 114, 0, 97, 0, 98, 0, 108, 0, 101, 0, 70, 0, 105, 0, 114, 0, 109, 0, 97, 0, 116, 0, 97, 0, 46, 0, 105, 0, 110, 0, 111, 0, 247]
DEBUG:root:<bound method PymataCore._report_firmware of <pymata_aio.pymata_core.PymataCore object at 0x1018b60b8>>
ERROR:root:
Arduino Firmware ID: 2.10 ConfigurableFirmata.ino
NoneType: None
DEBUG:root:Outgoing: 
DEBUG:root:0xf0
DEBUG:root:0x69
DEBUG:root:0xf7
DEBUG:root:Outgoing: 
DEBUG:root:0xf0
DEBUG:root:0x69
DEBUG:root:0xf7
DEBUG:root:Incoming:
DEBUG:root:[121, 2, 10, 67, 0, 111, 0, 110, 0, 102, 0, 105, 0, 103, 0, 117, 0, 114, 0, 97, 0, 98, 0, 108, 0, 101, 0, 70, 0, 105, 0, 114, 0, 109, 0, 97, 0, 116, 0, 97, 0, 46, 0, 105, 0, 110, 0, 111, 0, 247]
DEBUG:root:<bound method PymataCore._report_firmware of <pymata_aio.pymata_core.PymataCore object at 0x1018b60b8>>
DEBUG:root:Incoming:
DEBUG:root:[121, 2, 10, 67, 0, 111, 0, 110, 0, 102, 0, 105, 0, 103, 0, 117, 0, 114, 0, 97, 0, 98, 0, 108, 0, 101, 0, 70, 0, 105, 0, 114, 0, 109, 0, 97, 0, 116, 0, 97, 0, 46, 0, 105, 0, 110, 0, 111, 0, 247]
DEBUG:root:<bound method PymataCore._report_firmware of <pymata_aio.pymata_core.PymataCore object at 0x1018b60b8>>
DEBUG:root:Incoming:
DEBUG:root:[106, 127, 127, 127, 127, 127, 127, 127, 127, 127, 127, 127, 127, 127, 127, 0, 1, 2, 3, 4, 5, 247]
DEBUG:root:<bound method PymataCore._analog_mapping_response of <pymata_aio.pymata_core.PymataCore object at 0x1018b60b8>>
DEBUG:root:pins: [127, 127, 127, 127, 127, 127, 127, 127, 127, 127, 127, 127, 127, 127, 0, 1, 2, 3, 4, 5]
INFO:root:Auto-discovery complete. Found 20 Digital Pins and 6 Analog Pins
DEBUG:root:Incoming:
DEBUG:root:[106, 127, 127, 127, 127, 127, 127, 127, 127, 127, 127, 127, 127, 127, 127, 0, 1, 2, 3, 4, 5, 247]
DEBUG:root:<bound method PymataCore._analog_mapping_response of <pymata_aio.pymata_core.PymataCore object at 0x1018b60b8>>
DEBUG:root:Outgoing: 
DEBUG:root:0xff
DEBUG:root:stepper config info
DEBUG:root:motor_type: 1
DEBUG:root:motor_type after shifting: 16
DEBUG:root:microstepping: 1
DEBUG:root:microstepping base2 shifted: 0
DEBUG:root:enable_pin_present: 0
DEBUG:root:interface_byte: 16
DEBUG:root:stepper_config_data: [0, 0, 16, 2, 5]
DEBUG:root:Outgoing: 
DEBUG:root:0xf0
DEBUG:root:0x62
DEBUG:root:0x0
DEBUG:root:0x0
DEBUG:root:0x10
DEBUG:root:0x2
DEBUG:root:0x5
DEBUG:root:0xf7
DEBUG:root:stepper config info
DEBUG:root:motor_type: 1
DEBUG:root:motor_type after shifting: 16
DEBUG:root:microstepping: 1
DEBUG:root:microstepping base2 shifted: 0
DEBUG:root:enable_pin_present: 0
DEBUG:root:interface_byte: 16
DEBUG:root:stepper_config_data: [0, 1, 16, 3, 6]
DEBUG:root:Outgoing: 
DEBUG:root:0xf0
DEBUG:root:0x62
DEBUG:root:0x0
DEBUG:root:0x1
DEBUG:root:0x10
DEBUG:root:0x3
DEBUG:root:0x6
DEBUG:root:0xf7
DEBUG:root:stepper config info
DEBUG:root:motor_type: 1
DEBUG:root:motor_type after shifting: 16
DEBUG:root:microstepping: 1
DEBUG:root:microstepping base2 shifted: 0
DEBUG:root:enable_pin_present: 0
DEBUG:root:interface_byte: 16
DEBUG:root:stepper_config_data: [0, 2, 16, 4, 7]
DEBUG:root:Outgoing: 
DEBUG:root:0xf0
DEBUG:root:0x62
DEBUG:root:0x0
DEBUG:root:0x2
DEBUG:root:0x10
DEBUG:root:0x4
DEBUG:root:0x7
DEBUG:root:0xf7
DEBUG:root:stepper_ste_speed:[9, 0, 80, 15, 0, 44]
DEBUG:root:Outgoing: 
DEBUG:root:0xf0
DEBUG:root:0x62
DEBUG:root:0x9
DEBUG:root:0x0
DEBUG:root:0x50
DEBUG:root:0xf
DEBUG:root:0x0
DEBUG:root:0x2c
DEBUG:root:0xf7
DEBUG:root:stepper_ste_speed:[9, 1, 80, 15, 0, 44]
DEBUG:root:Outgoing: 
DEBUG:root:0xf0
DEBUG:root:0x62
DEBUG:root:0x9
DEBUG:root:0x1
DEBUG:root:0x50
DEBUG:root:0xf
DEBUG:root:0x0
DEBUG:root:0x2c
DEBUG:root:0xf7
DEBUG:root:stepper_ste_speed:[9, 2, 80, 15, 0, 44]
DEBUG:root:Outgoing: 
DEBUG:root:0xf0
DEBUG:root:0x62
DEBUG:root:0x9
DEBUG:root:0x2
DEBUG:root:0x50
DEBUG:root:0xf
DEBUG:root:0x0
DEBUG:root:0x2c
DEBUG:root:0xf7
DEBUG:root:stepper_step_data: [2, 0, 0, 25, 0, 0, 0]
DEBUG:root:Outgoing: 
DEBUG:root:0xf0
DEBUG:root:0x62
DEBUG:root:0x2
DEBUG:root:0x0
DEBUG:root:0x0
DEBUG:root:0x19
DEBUG:root:0x0
DEBUG:root:0x0
DEBUG:root:0x0
DEBUG:root:0xf7
DEBUG:root:stepper_step_data: [2, 1, 0, 25, 0, 0, 0]
DEBUG:root:Outgoing: 
DEBUG:root:0xf0
DEBUG:root:0x62
DEBUG:root:0x2
DEBUG:root:0x1
DEBUG:root:0x0
DEBUG:root:0x19
DEBUG:root:0x0
DEBUG:root:0x0
DEBUG:root:0x0
DEBUG:root:0xf7
DEBUG:root:stepper_step_data: [2, 2, 0, 25, 0, 0, 0]
DEBUG:root:Outgoing: 
DEBUG:root:0xf0
DEBUG:root:0x62
DEBUG:root:0x2
DEBUG:root:0x2
DEBUG:root:0x0
DEBUG:root:0x19
DEBUG:root:0x0
DEBUG:root:0x0
DEBUG:root:0x0
DEBUG:root:0xf7
INFO:root:Shutting down ...
DEBUG:root:Outgoing: 
DEBUG:root:0xff
